bundler: failed to load command: jekyll (/usr/local/bin/jekyll)
/var/lib/gems/3.2.0/gems/bundler-2.7.2/lib/bundler/definition.rb:691:in `materialize': Could not find minima-2.5.2, jekyll-feed-0.17.0, csv-3.3.5, json-2.15.1, webrick-1.9.1, jekyll-seo-tag-2.8.0, bigdecimal-3.3.0, rake-13.3.0 in locally installed gems (Bundler::GemNotFound)
	from /var/lib/gems/3.2.0/gems/bundler-2.7.2/lib/bundler/definition.rb:239:in `specs'
	from /var/lib/gems/3.2.0/gems/bundler-2.7.2/lib/bundler/definition.rb:306:in `specs_for'
	from /var/lib/gems/3.2.0/gems/bundler-2.7.2/lib/bundler/runtime.rb:18:in `setup'
	from /var/lib/gems/3.2.0/gems/bundler-2.7.2/lib/bundler.rb:166:in `setup'
	from /var/lib/gems/3.2.0/gems/bundler-2.7.2/lib/bundler/setup.rb:32:in `block in <top (required)>'
	from /var/lib/gems/3.2.0/gems/bundler-2.7.2/lib/bundler/ui/shell.rb:173:in `with_level'
	from /var/lib/gems/3.2.0/gems/bundler-2.7.2/lib/bundler/ui/shell.rb:119:in `silence'
	from /var/lib/gems/3.2.0/gems/bundler-2.7.2/lib/bundler/setup.rb:32:in `<top (required)>'
	from /var/lib/gems/3.2.0/gems/bundler-2.7.2/lib/bundler/cli/exec.rb:57:in `require_relative'
	from /var/lib/gems/3.2.0/gems/bundler-2.7.2/lib/bundler/cli/exec.rb:57:in `kernel_load'
	from /var/lib/gems/3.2.0/gems/bundler-2.7.2/lib/bundler/cli/exec.rb:23:in `run'
	from /var/lib/gems/3.2.0/gems/bundler-2.7.2/lib/bundler/cli.rb:456:in `exec'
	from /var/lib/gems/3.2.0/gems/bundler-2.7.2/lib/bundler/vendor/thor/lib/thor/command.rb:28:in `run'
	from /var/lib/gems/3.2.0/gems/bundler-2.7.2/lib/bundler/vendor/thor/lib/thor/invocation.rb:127:in `invoke_command'
	from /var/lib/gems/3.2.0/gems/bundler-2.7.2/lib/bundler/vendor/thor/lib/thor.rb:538:in `dispatch'
	from /var/lib/gems/3.2.0/gems/bundler-2.7.2/lib/bundler/cli.rb:35:in `dispatch'
	from /var/lib/gems/3.2.0/gems/bundler-2.7.2/lib/bundler/vendor/thor/lib/thor/base.rb:584:in `start'
	from /var/lib/gems/3.2.0/gems/bundler-2.7.2/lib/bundler/cli.rb:29:in `start'
	from /var/lib/gems/3.2.0/gems/bundler-2.7.2/exe/bundle:28:in `block in <top (required)>'
	from /var/lib/gems/3.2.0/gems/bundler-2.7.2/lib/bundler/friendly_errors.rb:118:in `with_friendly_errors'
	from /var/lib/gems/3.2.0/gems/bundler-2.7.2/exe/bundle:20:in `<top (required)>'
	from /usr/local/bin/bundle:25:in `load'
	from /usr/local/bin/bundle:25:in `<main>'
